Reading netlist file: "C:\Users\Osadi\OneDrive\Documentos\SmartFuel\FPGA\UART1\uart_smartfuelv1\impl\gwsynthesis\uart_smartfuelv1.vg"
Parsing netlist file "C:\Users\Osadi\OneDrive\Documentos\SmartFuel\FPGA\UART1\uart_smartfuelv1\impl\gwsynthesis\uart_smartfuelv1.vg" completed
Processing netlist completed
Reading constraint file: "C:\Users\Osadi\OneDrive\Documentos\SmartFuel\FPGA\UART1\uart_smartfuelv1\src\uart_smartfuelv1.cst"
Physical Constraint parsed completed
Running placement......
[10%] Placement Phase 0 completed
[20%] Placement Phase 1 completed
[30%] Placement Phase 2 completed
[50%] Placement Phase 3 completed
Running routing......
[60%] Routing Phase 0 completed
[70%] Routing Phase 1 completed
[80%] Routing Phase 2 completed
[90%] Routing Phase 3 completed
Running timing analysis......
[95%] Timing analysis completed
Placement and routing completed
Bitstream generation in progress......
Bitstream generation completed
Running power analysis......
[100%] Power analysis completed
Generate file "C:\Users\Osadi\OneDrive\Documentos\SmartFuel\FPGA\UART1\uart_smartfuelv1\impl\pnr\uart_smartfuelv1.power.html" completed
Generate file "C:\Users\Osadi\OneDrive\Documentos\SmartFuel\FPGA\UART1\uart_smartfuelv1\impl\pnr\uart_smartfuelv1.pin.html" completed
Generate file "C:\Users\Osadi\OneDrive\Documentos\SmartFuel\FPGA\UART1\uart_smartfuelv1\impl\pnr\uart_smartfuelv1.rpt.html" completed
Generate file "C:\Users\Osadi\OneDrive\Documentos\SmartFuel\FPGA\UART1\uart_smartfuelv1\impl\pnr\uart_smartfuelv1.rpt.txt" completed
Generate file "C:\Users\Osadi\OneDrive\Documentos\SmartFuel\FPGA\UART1\uart_smartfuelv1\impl\pnr\uart_smartfuelv1.tr.html" completed
Mon Oct 07 16:55:21 2024

